

============================== 2023-02-23 07:49:18.939072 | 6643cfaa-657f-4bef-a97d-169f65b87617 ==============================
07:49:18.939072 [info ] [MainThread]: Running with dbt=1.0.0
07:49:18.939581 [debug] [MainThread]: running dbt with arguments Namespace(record_timing_info=None, debug=None, log_format=None, write_json=None, use_colors=None, printer_width=None, warn_error=None, version_check=None, partial_parse=None, single_threaded=False, use_experimental_parser=None, static_parser=None, profiles_dir='/data/1/0/normalize', send_anonymous_usage_stats=None, fail_fast=None, event_buffer_size=None, project_dir='/data/1/0/normalize', profile=None, target=None, vars='{}', log_cache_events=False, config_dir=False, defer=None, state=None, cls=<class 'dbt.task.debug.DebugTask'>, which='debug', rpc_method=None)
07:49:18.939864 [debug] [MainThread]: Tracking: do not track
07:49:19.073197 [debug] [MainThread]: Executing "git --help"
07:49:19.079714 [debug] [MainThread]: STDOUT: "b"usage: git [--version] [--help] [-C <path>] [-c <name>=<value>]\n           [--exec-path[=<path>]] [--html-path] [--man-path] [--info-path]\n           [-p | --paginate | -P | --no-pager] [--no-replace-objects] [--bare]\n           [--git-dir=<path>] [--work-tree=<path>] [--namespace=<name>]\n           <command> [<args>]\n\nThese are common Git commands used in various situations:\n\nstart a working area (see also: git help tutorial)\n   clone             Clone a repository into a new directory\n   init              Create an empty Git repository or reinitialize an existing one\n\nwork on the current change (see also: git help everyday)\n   add               Add file contents to the index\n   mv                Move or rename a file, a directory, or a symlink\n   restore           Restore working tree files\n   rm                Remove files from the working tree and from the index\n   sparse-checkout   Initialize and modify the sparse-checkout\n\nexamine the history and state (see also: git help revisions)\n   bisect            Use binary search to find the commit that introduced a bug\n   diff              Show changes between commits, commit and working tree, etc\n   grep              Print lines matching a pattern\n   log               Show commit logs\n   show              Show various types of objects\n   status            Show the working tree status\n\ngrow, mark and tweak your common history\n   branch            List, create, or delete branches\n   commit            Record changes to the repository\n   merge             Join two or more development histories together\n   rebase            Reapply commits on top of another base tip\n   reset             Reset current HEAD to the specified state\n   switch            Switch branches\n   tag               Create, list, delete or verify a tag object signed with GPG\n\ncollaborate (see also: git help workflows)\n   fetch             Download objects and refs from another repository\n   pull              Fetch from and integrate with another repository or a local branch\n   push              Update remote refs along with associated objects\n\n'git help -a' and 'git help -g' list available subcommands and some\nconcept guides. See 'git help <command>' or 'git help <concept>'\nto read about a specific subcommand or concept.\nSee 'git help git' for an overview of the system.\n""
07:49:19.080265 [debug] [MainThread]: STDERR: "b''"
07:49:19.086101 [debug] [MainThread]: Acquiring new mysql connection "debug"
07:49:19.086800 [debug] [MainThread]: Using mysql connection "debug"
07:49:19.087036 [debug] [MainThread]: On debug: select 1 as id
07:49:19.087268 [debug] [MainThread]: Opening a new connection, currently in state init
07:49:19.097730 [debug] [MainThread]: SQL status: SUCCESS 0 in 0.01 seconds
07:49:19.099475 [debug] [MainThread]: On debug: Close
07:49:19.102125 [debug] [MainThread]: Connection 'debug' was properly closed.


============================== 2023-02-23 07:53:24.335226 | ecf8a147-aea9-46c1-bef9-846b0987d62c ==============================
07:53:24.335226 [info ] [MainThread]: Running with dbt=1.0.0
07:53:24.339534 [debug] [MainThread]: running dbt with arguments Namespace(record_timing_info=None, debug=None, log_format=None, write_json=None, use_colors=None, printer_width=None, warn_error=None, version_check=None, partial_parse=None, single_threaded=False, use_experimental_parser=None, static_parser=None, profiles_dir='/data/1/0/normalize', send_anonymous_usage_stats=None, fail_fast=None, event_buffer_size=None, project_dir='/data/1/0/normalize', profile=None, target=None, vars='{}', log_cache_events=False, config_dir=False, defer=None, state=None, cls=<class 'dbt.task.debug.DebugTask'>, which='debug', rpc_method=None)
07:53:24.339978 [debug] [MainThread]: Tracking: do not track
07:53:24.368895 [info ] [MainThread]: Error importing adapter: No module named 'dbt.adapters.mysql'
07:53:24.414944 [debug] [MainThread]: Executing "git --help"
07:53:24.419850 [debug] [MainThread]: STDOUT: "b"usage: git [--version] [--help] [-C <path>] [-c <name>=<value>]\n           [--exec-path[=<path>]] [--html-path] [--man-path] [--info-path]\n           [-p | --paginate | -P | --no-pager] [--no-replace-objects] [--bare]\n           [--git-dir=<path>] [--work-tree=<path>] [--namespace=<name>]\n           <command> [<args>]\n\nThese are common Git commands used in various situations:\n\nstart a working area (see also: git help tutorial)\n   clone             Clone a repository into a new directory\n   init              Create an empty Git repository or reinitialize an existing one\n\nwork on the current change (see also: git help everyday)\n   add               Add file contents to the index\n   mv                Move or rename a file, a directory, or a symlink\n   restore           Restore working tree files\n   rm                Remove files from the working tree and from the index\n   sparse-checkout   Initialize and modify the sparse-checkout\n\nexamine the history and state (see also: git help revisions)\n   bisect            Use binary search to find the commit that introduced a bug\n   diff              Show changes between commits, commit and working tree, etc\n   grep              Print lines matching a pattern\n   log               Show commit logs\n   show              Show various types of objects\n   status            Show the working tree status\n\ngrow, mark and tweak your common history\n   branch            List, create, or delete branches\n   commit            Record changes to the repository\n   merge             Join two or more development histories together\n   rebase            Reapply commits on top of another base tip\n   reset             Reset current HEAD to the specified state\n   switch            Switch branches\n   tag               Create, list, delete or verify a tag object signed with GPG\n\ncollaborate (see also: git help workflows)\n   fetch             Download objects and refs from another repository\n   pull              Fetch from and integrate with another repository or a local branch\n   push              Update remote refs along with associated objects\n\n'git help -a' and 'git help -g' list available subcommands and some\nconcept guides. See 'git help <command>' or 'git help <concept>'\nto read about a specific subcommand or concept.\nSee 'git help git' for an overview of the system.\n""
07:53:24.420352 [debug] [MainThread]: STDERR: "b''"


============================== 2023-02-23 08:02:26.681272 | 61eccbfe-ea73-4180-9670-3c5385bfd848 ==============================
08:02:26.681272 [info ] [MainThread]: Running with dbt=1.0.0
08:02:26.687358 [debug] [MainThread]: running dbt with arguments Namespace(record_timing_info=None, debug=None, log_format=None, write_json=None, use_colors=None, printer_width=None, warn_error=None, version_check=None, partial_parse=None, single_threaded=False, use_experimental_parser=None, static_parser=None, profiles_dir='/data/1/0/normalize', send_anonymous_usage_stats=None, fail_fast=None, event_buffer_size=None, project_dir='/data/1/0/normalize', profile=None, target=None, vars='{}', log_cache_events=False, config_dir=False, defer=None, state=None, cls=<class 'dbt.task.debug.DebugTask'>, which='debug', rpc_method=None)
08:02:26.687762 [debug] [MainThread]: Tracking: do not track
08:02:26.731661 [info ] [MainThread]: Error importing adapter: No module named 'dbt.adapters.mysql'
08:02:26.777475 [debug] [MainThread]: Executing "git --help"
08:02:26.782351 [debug] [MainThread]: STDOUT: "b"usage: git [--version] [--help] [-C <path>] [-c <name>=<value>]\n           [--exec-path[=<path>]] [--html-path] [--man-path] [--info-path]\n           [-p | --paginate | -P | --no-pager] [--no-replace-objects] [--bare]\n           [--git-dir=<path>] [--work-tree=<path>] [--namespace=<name>]\n           <command> [<args>]\n\nThese are common Git commands used in various situations:\n\nstart a working area (see also: git help tutorial)\n   clone             Clone a repository into a new directory\n   init              Create an empty Git repository or reinitialize an existing one\n\nwork on the current change (see also: git help everyday)\n   add               Add file contents to the index\n   mv                Move or rename a file, a directory, or a symlink\n   restore           Restore working tree files\n   rm                Remove files from the working tree and from the index\n   sparse-checkout   Initialize and modify the sparse-checkout\n\nexamine the history and state (see also: git help revisions)\n   bisect            Use binary search to find the commit that introduced a bug\n   diff              Show changes between commits, commit and working tree, etc\n   grep              Print lines matching a pattern\n   log               Show commit logs\n   show              Show various types of objects\n   status            Show the working tree status\n\ngrow, mark and tweak your common history\n   branch            List, create, or delete branches\n   commit            Record changes to the repository\n   merge             Join two or more development histories together\n   rebase            Reapply commits on top of another base tip\n   reset             Reset current HEAD to the specified state\n   switch            Switch branches\n   tag               Create, list, delete or verify a tag object signed with GPG\n\ncollaborate (see also: git help workflows)\n   fetch             Download objects and refs from another repository\n   pull              Fetch from and integrate with another repository or a local branch\n   push              Update remote refs along with associated objects\n\n'git help -a' and 'git help -g' list available subcommands and some\nconcept guides. See 'git help <command>' or 'git help <concept>'\nto read about a specific subcommand or concept.\nSee 'git help git' for an overview of the system.\n""
08:02:26.782807 [debug] [MainThread]: STDERR: "b''"


============================== 2023-02-23 08:03:48.369277 | 0c3990cd-3a8d-422f-b373-c71c2555abbf ==============================
08:03:48.369277 [info ] [MainThread]: Running with dbt=1.0.0
08:03:48.369778 [debug] [MainThread]: running dbt with arguments Namespace(record_timing_info=None, debug=None, log_format=None, write_json=None, use_colors=None, printer_width=None, warn_error=None, version_check=None, partial_parse=None, single_threaded=False, use_experimental_parser=None, static_parser=None, profiles_dir='/data/1/0/normalize', send_anonymous_usage_stats=None, fail_fast=None, event_buffer_size=None, project_dir='/data/1/0/normalize', profile=None, target=None, vars='{}', log_cache_events=False, config_dir=False, defer=None, state=None, cls=<class 'dbt.task.debug.DebugTask'>, which='debug', rpc_method=None)
08:03:48.370027 [debug] [MainThread]: Tracking: do not track
08:03:48.385922 [info ] [MainThread]: Error importing adapter: No module named 'dbt.adapters.mysql'
08:03:48.431116 [debug] [MainThread]: Executing "git --help"
08:03:48.435796 [debug] [MainThread]: STDOUT: "b"usage: git [--version] [--help] [-C <path>] [-c <name>=<value>]\n           [--exec-path[=<path>]] [--html-path] [--man-path] [--info-path]\n           [-p | --paginate | -P | --no-pager] [--no-replace-objects] [--bare]\n           [--git-dir=<path>] [--work-tree=<path>] [--namespace=<name>]\n           <command> [<args>]\n\nThese are common Git commands used in various situations:\n\nstart a working area (see also: git help tutorial)\n   clone             Clone a repository into a new directory\n   init              Create an empty Git repository or reinitialize an existing one\n\nwork on the current change (see also: git help everyday)\n   add               Add file contents to the index\n   mv                Move or rename a file, a directory, or a symlink\n   restore           Restore working tree files\n   rm                Remove files from the working tree and from the index\n   sparse-checkout   Initialize and modify the sparse-checkout\n\nexamine the history and state (see also: git help revisions)\n   bisect            Use binary search to find the commit that introduced a bug\n   diff              Show changes between commits, commit and working tree, etc\n   grep              Print lines matching a pattern\n   log               Show commit logs\n   show              Show various types of objects\n   status            Show the working tree status\n\ngrow, mark and tweak your common history\n   branch            List, create, or delete branches\n   commit            Record changes to the repository\n   merge             Join two or more development histories together\n   rebase            Reapply commits on top of another base tip\n   reset             Reset current HEAD to the specified state\n   switch            Switch branches\n   tag               Create, list, delete or verify a tag object signed with GPG\n\ncollaborate (see also: git help workflows)\n   fetch             Download objects and refs from another repository\n   pull              Fetch from and integrate with another repository or a local branch\n   push              Update remote refs along with associated objects\n\n'git help -a' and 'git help -g' list available subcommands and some\nconcept guides. See 'git help <command>' or 'git help <concept>'\nto read about a specific subcommand or concept.\nSee 'git help git' for an overview of the system.\n""
08:03:48.436384 [debug] [MainThread]: STDERR: "b''"


============================== 2023-02-23 09:39:02.327663 | 9cfb6273-a837-45ef-8e10-e61e05ff3b72 ==============================
09:39:02.327679 [info ] [MainThread]: Running with dbt=1.1.3
09:39:02.328342 [debug] [MainThread]: running dbt with arguments {'write_json': True, 'use_colors': True, 'printer_width': 120, 'version_check': True, 'partial_parse': True, 'static_parser': True, 'profiles_dir': '/home/qtcd/Documents/Projects/airbyte/workspace/normalization-files/normalize', 'send_anonymous_usage_stats': False, 'event_buffer_size': 100000, 'quiet': False, 'no_print': False, 'cache_selected_only': False, 'project_dir': '/home/qtcd/Documents/Projects/airbyte/workspace/normalization-files/normalize', 'which': 'deps', 'rpc_method': 'deps', 'indirect_selection': 'eager'}
09:39:02.328596 [debug] [MainThread]: Tracking: do not track
09:39:02.333183 [debug] [MainThread]: Set downloads directory='/tmp/dbt-downloads-9yq6yyak'
09:39:02.334162 [debug] [MainThread]: Executing "git clone --depth 1 https://github.com/fishtown-analytics/dbt-utils.git 859fd0fa21176efee375a447937f7a46"
09:39:03.932754 [debug] [MainThread]: STDOUT: "b''"
09:39:03.933838 [debug] [MainThread]: STDERR: "b"Cloning into '859fd0fa21176efee375a447937f7a46'...\n""
09:39:03.934986 [debug] [MainThread]: Pulling new dependency 859fd0fa21176efee375a447937f7a46.
09:39:03.935522 [debug] [MainThread]: Executing "git rev-parse HEAD"
09:39:03.942386 [debug] [MainThread]: STDOUT: "b'dcc9f47e805dbe83e862628591d2451c29cee7b5\n'"
09:39:03.942974 [debug] [MainThread]: STDERR: "b''"
09:39:03.943342 [debug] [MainThread]:   Checking out revision 0.8.2.
09:39:03.943668 [debug] [MainThread]: Executing "git remote set-branches origin 0.8.2"
09:39:03.949804 [debug] [MainThread]: STDOUT: "b''"
09:39:03.950502 [debug] [MainThread]: STDERR: "b''"
09:39:03.950846 [debug] [MainThread]: Executing "git fetch origin --depth 1 --tags 0.8.2"
09:39:06.166620 [debug] [MainThread]: STDOUT: "b''"
09:39:06.167261 [debug] [MainThread]: STDERR: "b'From https://github.com/fishtown-analytics/dbt-utils\n * tag               0.8.2      -> FETCH_HEAD\n * [new tag]         0.0.1      -> 0.0.1\n * [new tag]         0.1.0      -> 0.1.0\n * [new tag]         0.1.1      -> 0.1.1\n * [new tag]         0.1.10     -> 0.1.10\n * [new tag]         0.1.11     -> 0.1.11\n * [new tag]         0.1.12     -> 0.1.12\n * [new tag]         0.1.13     -> 0.1.13\n * [new tag]         0.1.14     -> 0.1.14\n * [new tag]         0.1.15     -> 0.1.15\n * [new tag]         0.1.16     -> 0.1.16\n * [new tag]         0.1.17     -> 0.1.17\n * [new tag]         0.1.18     -> 0.1.18\n * [new tag]         0.1.19     -> 0.1.19\n * [new tag]         0.1.2      -> 0.1.2\n * [new tag]         0.1.20     -> 0.1.20\n * [new tag]         0.1.21     -> 0.1.21\n * [new tag]         0.1.22     -> 0.1.22\n * [new tag]         0.1.23     -> 0.1.23\n * [new tag]         0.1.24     -> 0.1.24\n * [new tag]         0.1.25     -> 0.1.25\n * [new tag]         0.1.3      -> 0.1.3\n * [new tag]         0.1.4      -> 0.1.4\n * [new tag]         0.1.5      -> 0.1.5\n * [new tag]         0.1.6      -> 0.1.6\n * [new tag]         0.1.7      -> 0.1.7\n * [new tag]         0.1.8      -> 0.1.8\n * [new tag]         0.1.9      -> 0.1.9\n * [new tag]         0.2.0      -> 0.2.0\n * [new tag]         0.2.1      -> 0.2.1\n * [new tag]         0.2.2      -> 0.2.2\n * [new tag]         0.2.3      -> 0.2.3\n * [new tag]         0.2.4      -> 0.2.4\n * [new tag]         0.2.5      -> 0.2.5\n * [new tag]         0.3.0      -> 0.3.0\n * [new tag]         0.4.0      -> 0.4.0\n * [new tag]         0.4.1      -> 0.4.1\n * [new tag]         0.5.0      -> 0.5.0\n * [new tag]         0.5.1      -> 0.5.1\n * [new tag]         0.6.0      -> 0.6.0\n * [new tag]         0.6.1      -> 0.6.1\n * [new tag]         0.6.2      -> 0.6.2\n * [new tag]         0.6.3      -> 0.6.3\n * [new tag]         0.6.4      -> 0.6.4\n * [new tag]         0.6.5      -> 0.6.5\n * [new tag]         0.6.6      -> 0.6.6\n * [new tag]         0.7.0      -> 0.7.0\n * [new tag]         0.7.1      -> 0.7.1\n * [new tag]         0.7.2      -> 0.7.2\n * [new tag]         0.7.3      -> 0.7.3\n * [new tag]         0.7.4      -> 0.7.4\n * [new tag]         0.7.4-b1   -> 0.7.4-b1\n * [new tag]         0.7.4b1    -> 0.7.4b1\n * [new tag]         0.7.5      -> 0.7.5\n * [new tag]         0.7.6      -> 0.7.6\n * [new tag]         0.8.0      -> 0.8.0\n * [new tag]         0.8.1      -> 0.8.1\n * [new tag]         0.8.2      -> 0.8.2\n * [new tag]         0.8.3      -> 0.8.3\n * [new tag]         0.8.4      -> 0.8.4\n * [new tag]         0.8.5      -> 0.8.5\n * [new tag]         0.8.6      -> 0.8.6\n * [new tag]         0.9.0      -> 0.9.0\n * [new tag]         0.9.1      -> 0.9.1\n * [new tag]         0.9.2      -> 0.9.2\n * [new tag]         0.9.5      -> 0.9.5\n * [new tag]         0.9.6      -> 0.9.6\n * [new tag]         1.0.0      -> 1.0.0\n * [new tag]         1.0.0-b1   -> 1.0.0-b1\n * [new tag]         1.0.0-b2   -> 1.0.0-b2\n * [new tag]         1.0.0-rc1  -> 1.0.0-rc1\n'"
09:39:06.167605 [debug] [MainThread]: Executing "git tag --list"
09:39:06.172965 [debug] [MainThread]: STDOUT: "b'0.0.1\n0.1.0\n0.1.1\n0.1.10\n0.1.11\n0.1.12\n0.1.13\n0.1.14\n0.1.15\n0.1.16\n0.1.17\n0.1.18\n0.1.19\n0.1.2\n0.1.20\n0.1.21\n0.1.22\n0.1.23\n0.1.24\n0.1.25\n0.1.3\n0.1.4\n0.1.5\n0.1.6\n0.1.7\n0.1.8\n0.1.9\n0.2.0\n0.2.1\n0.2.2\n0.2.3\n0.2.4\n0.2.5\n0.3.0\n0.4.0\n0.4.1\n0.5.0\n0.5.1\n0.6.0\n0.6.1\n0.6.2\n0.6.3\n0.6.4\n0.6.5\n0.6.6\n0.7.0\n0.7.1\n0.7.2\n0.7.3\n0.7.4\n0.7.4-b1\n0.7.4b1\n0.7.5\n0.7.6\n0.8.0\n0.8.1\n0.8.2\n0.8.3\n0.8.4\n0.8.5\n0.8.6\n0.9.0\n0.9.1\n0.9.2\n0.9.5\n0.9.6\n1.0.0\n1.0.0-b1\n1.0.0-b2\n1.0.0-rc1\n'"
09:39:06.174044 [debug] [MainThread]: STDERR: "b''"
09:39:06.174350 [debug] [MainThread]: Executing "git reset --hard tags/0.8.2"
09:39:06.198167 [debug] [MainThread]: STDOUT: "b'HEAD is now at 5717b10 Fix union_relations error when no include/exclude provided\n'"
09:39:06.198658 [debug] [MainThread]: STDERR: "b''"
09:39:06.198950 [debug] [MainThread]: Executing "git rev-parse HEAD"
09:39:06.202589 [debug] [MainThread]: STDOUT: "b'5717b109d358844e0f085565b93e74cbe469ecb0\n'"
09:39:06.203058 [debug] [MainThread]: STDERR: "b''"
09:39:06.203343 [debug] [MainThread]:   Checked out at 5717b10.
09:39:06.213809 [debug] [MainThread]: Executing "git clone --depth 1 https://github.com/fishtown-analytics/dbt-utils.git 859fd0fa21176efee375a447937f7a46"
09:39:06.218254 [debug] [MainThread]: STDOUT: "b''"
09:39:06.218721 [debug] [MainThread]: STDERR: "b"fatal: destination path '859fd0fa21176efee375a447937f7a46' already exists and is not an empty directory.\n""
09:39:06.218974 [debug] [MainThread]: command return code=128
09:39:06.220803 [debug] [MainThread]: Updating existing dependency 859fd0fa21176efee375a447937f7a46.
09:39:06.221218 [debug] [MainThread]: Executing "git rev-parse HEAD"
09:39:06.225150 [debug] [MainThread]: STDOUT: "b'5717b109d358844e0f085565b93e74cbe469ecb0\n'"
09:39:06.225618 [debug] [MainThread]: STDERR: "b''"
09:39:06.225893 [debug] [MainThread]:   Checking out revision 0.8.2.
09:39:06.226173 [debug] [MainThread]: Executing "git remote set-branches origin 0.8.2"
09:39:06.236445 [debug] [MainThread]: STDOUT: "b''"
09:39:06.236930 [debug] [MainThread]: STDERR: "b''"
09:39:06.237211 [debug] [MainThread]: Executing "git fetch origin --depth 1 --tags 0.8.2"
09:39:07.701895 [debug] [MainThread]: STDOUT: "b''"
09:39:07.702608 [debug] [MainThread]: STDERR: "b'From https://github.com/fishtown-analytics/dbt-utils\n * tag               0.8.2      -> FETCH_HEAD\n'"
09:39:07.702928 [debug] [MainThread]: Executing "git tag --list"
09:39:07.708532 [debug] [MainThread]: STDOUT: "b'0.0.1\n0.1.0\n0.1.1\n0.1.10\n0.1.11\n0.1.12\n0.1.13\n0.1.14\n0.1.15\n0.1.16\n0.1.17\n0.1.18\n0.1.19\n0.1.2\n0.1.20\n0.1.21\n0.1.22\n0.1.23\n0.1.24\n0.1.25\n0.1.3\n0.1.4\n0.1.5\n0.1.6\n0.1.7\n0.1.8\n0.1.9\n0.2.0\n0.2.1\n0.2.2\n0.2.3\n0.2.4\n0.2.5\n0.3.0\n0.4.0\n0.4.1\n0.5.0\n0.5.1\n0.6.0\n0.6.1\n0.6.2\n0.6.3\n0.6.4\n0.6.5\n0.6.6\n0.7.0\n0.7.1\n0.7.2\n0.7.3\n0.7.4\n0.7.4-b1\n0.7.4b1\n0.7.5\n0.7.6\n0.8.0\n0.8.1\n0.8.2\n0.8.3\n0.8.4\n0.8.5\n0.8.6\n0.9.0\n0.9.1\n0.9.2\n0.9.5\n0.9.6\n1.0.0\n1.0.0-b1\n1.0.0-b2\n1.0.0-rc1\n'"
09:39:07.709111 [debug] [MainThread]: STDERR: "b''"
09:39:07.709419 [debug] [MainThread]: Executing "git reset --hard tags/0.8.2"
09:39:07.721617 [debug] [MainThread]: STDOUT: "b'HEAD is now at 5717b10 Fix union_relations error when no include/exclude provided\n'"
09:39:07.722134 [debug] [MainThread]: STDERR: "b''"
09:39:07.722430 [debug] [MainThread]: Executing "git rev-parse HEAD"
09:39:07.726049 [debug] [MainThread]: STDOUT: "b'5717b109d358844e0f085565b93e74cbe469ecb0\n'"
09:39:07.726514 [debug] [MainThread]: STDERR: "b''"
09:39:07.726793 [debug] [MainThread]: Already at 5717b10, nothing to do.
09:39:07.737923 [info ] [MainThread]: Installing https://github.com/fishtown-analytics/dbt-utils.git
09:39:07.738511 [debug] [MainThread]: Executing "git clone --depth 1 https://github.com/fishtown-analytics/dbt-utils.git 859fd0fa21176efee375a447937f7a46"
09:39:07.742362 [debug] [MainThread]: STDOUT: "b''"
09:39:07.742835 [debug] [MainThread]: STDERR: "b"fatal: destination path '859fd0fa21176efee375a447937f7a46' already exists and is not an empty directory.\n""
09:39:07.743098 [debug] [MainThread]: command return code=128
09:39:07.744554 [debug] [MainThread]: Updating existing dependency 859fd0fa21176efee375a447937f7a46.
09:39:07.744820 [debug] [MainThread]: Executing "git rev-parse HEAD"
09:39:07.748606 [debug] [MainThread]: STDOUT: "b'5717b109d358844e0f085565b93e74cbe469ecb0\n'"
09:39:07.749083 [debug] [MainThread]: STDERR: "b''"
09:39:07.749364 [debug] [MainThread]:   Checking out revision 0.8.2.
09:39:07.749663 [debug] [MainThread]: Executing "git remote set-branches origin 0.8.2"
09:39:07.753863 [debug] [MainThread]: STDOUT: "b''"
09:39:07.754437 [debug] [MainThread]: STDERR: "b''"
09:39:07.754703 [debug] [MainThread]: Executing "git fetch origin --depth 1 --tags 0.8.2"
09:39:09.208382 [debug] [MainThread]: STDOUT: "b''"
09:39:09.209011 [debug] [MainThread]: STDERR: "b'From https://github.com/fishtown-analytics/dbt-utils\n * tag               0.8.2      -> FETCH_HEAD\n'"
09:39:09.209320 [debug] [MainThread]: Executing "git tag --list"
09:39:09.214551 [debug] [MainThread]: STDOUT: "b'0.0.1\n0.1.0\n0.1.1\n0.1.10\n0.1.11\n0.1.12\n0.1.13\n0.1.14\n0.1.15\n0.1.16\n0.1.17\n0.1.18\n0.1.19\n0.1.2\n0.1.20\n0.1.21\n0.1.22\n0.1.23\n0.1.24\n0.1.25\n0.1.3\n0.1.4\n0.1.5\n0.1.6\n0.1.7\n0.1.8\n0.1.9\n0.2.0\n0.2.1\n0.2.2\n0.2.3\n0.2.4\n0.2.5\n0.3.0\n0.4.0\n0.4.1\n0.5.0\n0.5.1\n0.6.0\n0.6.1\n0.6.2\n0.6.3\n0.6.4\n0.6.5\n0.6.6\n0.7.0\n0.7.1\n0.7.2\n0.7.3\n0.7.4\n0.7.4-b1\n0.7.4b1\n0.7.5\n0.7.6\n0.8.0\n0.8.1\n0.8.2\n0.8.3\n0.8.4\n0.8.5\n0.8.6\n0.9.0\n0.9.1\n0.9.2\n0.9.5\n0.9.6\n1.0.0\n1.0.0-b1\n1.0.0-b2\n1.0.0-rc1\n'"
09:39:09.215036 [debug] [MainThread]: STDERR: "b''"
09:39:09.215325 [debug] [MainThread]: Executing "git reset --hard tags/0.8.2"
09:39:09.222199 [debug] [MainThread]: STDOUT: "b'HEAD is now at 5717b10 Fix union_relations error when no include/exclude provided\n'"
09:39:09.222685 [debug] [MainThread]: STDERR: "b''"
09:39:09.222967 [debug] [MainThread]: Executing "git rev-parse HEAD"
09:39:09.226564 [debug] [MainThread]: STDOUT: "b'5717b109d358844e0f085565b93e74cbe469ecb0\n'"
09:39:09.227016 [debug] [MainThread]: STDERR: "b''"
09:39:09.227292 [debug] [MainThread]: Already at 5717b10, nothing to do.
09:39:09.227641 [info ] [MainThread]:   Installed from revision 0.8.2


============================== 2023-02-23 09:40:22.187173 | 4aa3838a-8a0d-4e39-b30d-745d4de2cfb9 ==============================
09:40:22.187196 [info ] [MainThread]: Running with dbt=1.1.3
09:40:22.187980 [debug] [MainThread]: running dbt with arguments {'write_json': True, 'use_colors': True, 'printer_width': 120, 'version_check': True, 'partial_parse': True, 'static_parser': True, 'profiles_dir': '/home/qtcd/Documents/Projects/airbyte/workspace/normalization-files/normalize', 'send_anonymous_usage_stats': False, 'event_buffer_size': 100000, 'quiet': False, 'no_print': False, 'cache_selected_only': False, 'project_dir': '/home/qtcd/Documents/Projects/airbyte/workspace/normalization-files/normalize', 'full_refresh': True, 'which': 'run', 'rpc_method': 'run', 'indirect_selection': 'eager'}
09:40:22.188315 [debug] [MainThread]: Tracking: do not track
09:40:22.223700 [info ] [MainThread]: Partial parse save file not found. Starting full parse.
09:40:22.262987 [debug] [MainThread]: Parsing macros/should_full_refresh.sql
09:40:22.272791 [debug] [MainThread]: Parsing macros/get_custom_schema.sql
09:40:22.273896 [debug] [MainThread]: Parsing macros/star_intersect.sql
09:40:22.284027 [debug] [MainThread]: Parsing macros/incremental.sql
09:40:22.295710 [debug] [MainThread]: Parsing macros/clean_tmp_tables.sql
09:40:22.299043 [debug] [MainThread]: Parsing macros/configuration.sql
09:40:22.302389 [debug] [MainThread]: Parsing macros/schema_tests/equal_rowcount.sql
09:40:22.304267 [debug] [MainThread]: Parsing macros/schema_tests/equality.sql
09:40:22.314509 [debug] [MainThread]: Parsing macros/cross_db_utils/current_timestamp.sql
09:40:22.315561 [debug] [MainThread]: Parsing macros/cross_db_utils/surrogate_key.sql
09:40:22.318698 [debug] [MainThread]: Parsing macros/cross_db_utils/quote.sql
09:40:22.321296 [debug] [MainThread]: Parsing macros/cross_db_utils/datatypes.sql
09:40:22.358174 [debug] [MainThread]: Parsing macros/cross_db_utils/columns.sql
09:40:22.362738 [debug] [MainThread]: Parsing macros/cross_db_utils/hash.sql
09:40:22.363759 [debug] [MainThread]: Parsing macros/cross_db_utils/except.sql
09:40:22.365140 [debug] [MainThread]: Parsing macros/cross_db_utils/type_conversions.sql
09:40:22.379427 [debug] [MainThread]: Parsing macros/cross_db_utils/json_operations.sql
09:40:22.447110 [debug] [MainThread]: Parsing macros/cross_db_utils/concat.sql
09:40:22.452033 [debug] [MainThread]: Parsing macros/cross_db_utils/array.sql
09:40:22.511005 [debug] [MainThread]: Parsing macros/catalog.sql
09:40:22.514082 [debug] [MainThread]: Parsing macros/adapters.sql
09:40:22.528536 [debug] [MainThread]: Parsing macros/materializations/incremental/helpers.sql
09:40:22.532224 [debug] [MainThread]: Parsing macros/materializations/incremental/incremental.sql
09:40:22.543198 [debug] [MainThread]: Parsing macros/materializations/test/test.sql
09:40:22.545520 [debug] [MainThread]: Parsing macros/materializations/snapshot/snapshot_merge.sql
09:40:22.548934 [debug] [MainThread]: Parsing macros/materializations/snapshot/strategies.sql
09:40:22.550322 [debug] [MainThread]: Parsing macros/materializations/snapshot/snapshot.sql
09:40:22.578340 [debug] [MainThread]: Parsing macros/materializations/seed/seed.sql
09:40:22.584883 [debug] [MainThread]: Parsing macros/materializations/configs.sql
09:40:22.588878 [debug] [MainThread]: Parsing macros/materializations/hooks.sql
09:40:22.595526 [debug] [MainThread]: Parsing macros/materializations/snapshots/helpers.sql
09:40:22.616137 [debug] [MainThread]: Parsing macros/materializations/snapshots/snapshot_merge.sql
09:40:22.618933 [debug] [MainThread]: Parsing macros/materializations/snapshots/strategies.sql
09:40:22.647687 [debug] [MainThread]: Parsing macros/materializations/snapshots/snapshot.sql
09:40:22.665261 [debug] [MainThread]: Parsing macros/materializations/tests/helpers.sql
09:40:22.668420 [debug] [MainThread]: Parsing macros/materializations/tests/where_subquery.sql
09:40:22.671523 [debug] [MainThread]: Parsing macros/materializations/tests/test.sql
09:40:22.679192 [debug] [MainThread]: Parsing macros/materializations/models/incremental/merge.sql
09:40:22.705434 [debug] [MainThread]: Parsing macros/materializations/models/incremental/on_schema_change.sql
09:40:22.730045 [debug] [MainThread]: Parsing macros/materializations/models/incremental/incremental.sql
09:40:22.746971 [debug] [MainThread]: Parsing macros/materializations/models/incremental/is_incremental.sql
09:40:22.749658 [debug] [MainThread]: Parsing macros/materializations/models/incremental/column_helpers.sql
09:40:22.757394 [debug] [MainThread]: Parsing macros/materializations/models/view/helpers.sql
09:40:22.759689 [debug] [MainThread]: Parsing macros/materializations/models/view/view.sql
09:40:22.771474 [debug] [MainThread]: Parsing macros/materializations/models/view/create_view_as.sql
09:40:22.775357 [debug] [MainThread]: Parsing macros/materializations/models/view/create_or_replace_view.sql
09:40:22.780020 [debug] [MainThread]: Parsing macros/materializations/models/table/create_table_as.sql
09:40:22.785022 [debug] [MainThread]: Parsing macros/materializations/models/table/table.sql
09:40:22.797286 [debug] [MainThread]: Parsing macros/materializations/seeds/helpers.sql
09:40:22.823702 [debug] [MainThread]: Parsing macros/materializations/seeds/seed.sql
09:40:22.834124 [debug] [MainThread]: Parsing macros/get_custom_name/get_custom_alias.sql
09:40:22.836708 [debug] [MainThread]: Parsing macros/get_custom_name/get_custom_schema.sql
09:40:22.840981 [debug] [MainThread]: Parsing macros/get_custom_name/get_custom_database.sql
09:40:22.843711 [debug] [MainThread]: Parsing macros/adapters/relation.sql
09:40:22.860013 [debug] [MainThread]: Parsing macros/adapters/metadata.sql
09:40:22.872422 [debug] [MainThread]: Parsing macros/adapters/freshness.sql
09:40:22.877443 [debug] [MainThread]: Parsing macros/adapters/schema.sql
09:40:22.881259 [debug] [MainThread]: Parsing macros/adapters/indexes.sql
09:40:22.886152 [debug] [MainThread]: Parsing macros/adapters/persist_docs.sql
09:40:22.894060 [debug] [MainThread]: Parsing macros/adapters/columns.sql
09:40:22.910963 [debug] [MainThread]: Parsing macros/etc/statement.sql
09:40:22.918700 [debug] [MainThread]: Parsing macros/etc/datetime.sql
09:40:22.932574 [debug] [MainThread]: Parsing macros/generic_test_sql/unique.sql
09:40:22.933824 [debug] [MainThread]: Parsing macros/generic_test_sql/relationships.sql
09:40:22.935266 [debug] [MainThread]: Parsing macros/generic_test_sql/not_null.sql
09:40:22.936733 [debug] [MainThread]: Parsing macros/generic_test_sql/accepted_values.sql
09:40:22.939112 [debug] [MainThread]: Parsing tests/generic/builtin.sql
09:40:22.944191 [debug] [MainThread]: Parsing macros/web/get_url_parameter.sql
09:40:22.946980 [debug] [MainThread]: Parsing macros/web/get_url_path.sql
09:40:22.951596 [debug] [MainThread]: Parsing macros/web/get_url_host.sql
09:40:22.954987 [debug] [MainThread]: Parsing macros/materializations/insert_by_period_materialization.sql
09:40:22.995467 [debug] [MainThread]: Parsing macros/schema_tests/equal_rowcount.sql
09:40:22.998239 [debug] [MainThread]: Parsing macros/schema_tests/recency.sql
09:40:23.001266 [debug] [MainThread]: Parsing macros/schema_tests/expression_is_true.sql
09:40:23.004528 [debug] [MainThread]: Parsing macros/schema_tests/not_accepted_values.sql
09:40:23.008231 [debug] [MainThread]: Parsing macros/schema_tests/equality.sql
09:40:23.014207 [debug] [MainThread]: Parsing macros/schema_tests/test_not_null_where.sql
09:40:23.016761 [debug] [MainThread]: Parsing macros/schema_tests/unique_combination_of_columns.sql
09:40:23.021709 [debug] [MainThread]: Parsing macros/schema_tests/relationships_where.sql
09:40:23.025457 [debug] [MainThread]: Parsing macros/schema_tests/accepted_range.sql
09:40:23.029864 [debug] [MainThread]: Parsing macros/schema_tests/cardinality_equality.sql
09:40:23.033296 [debug] [MainThread]: Parsing macros/schema_tests/mutually_exclusive_ranges.sql
09:40:23.047241 [debug] [MainThread]: Parsing macros/schema_tests/test_unique_where.sql
09:40:23.049818 [debug] [MainThread]: Parsing macros/schema_tests/not_null_proportion.sql
09:40:23.053665 [debug] [MainThread]: Parsing macros/schema_tests/fewer_rows_than.sql
09:40:23.056431 [debug] [MainThread]: Parsing macros/schema_tests/at_least_one.sql
09:40:23.058656 [debug] [MainThread]: Parsing macros/schema_tests/not_constant.sql
09:40:23.060834 [debug] [MainThread]: Parsing macros/schema_tests/sequential_values.sql
09:40:23.065851 [debug] [MainThread]: Parsing macros/jinja_helpers/log_info.sql
09:40:23.067807 [debug] [MainThread]: Parsing macros/jinja_helpers/pretty_log_format.sql
09:40:23.069864 [debug] [MainThread]: Parsing macros/jinja_helpers/pretty_time.sql
09:40:23.071988 [debug] [MainThread]: Parsing macros/jinja_helpers/slugify.sql
09:40:23.074026 [debug] [MainThread]: Parsing macros/sql/haversine_distance.sql
09:40:23.083885 [debug] [MainThread]: Parsing macros/sql/get_column_values.sql
09:40:23.092772 [debug] [MainThread]: Parsing macros/sql/nullcheck_table.sql
09:40:23.095556 [debug] [MainThread]: Parsing macros/sql/groupby.sql
09:40:23.097955 [debug] [MainThread]: Parsing macros/sql/surrogate_key.sql
09:40:23.103936 [debug] [MainThread]: Parsing macros/sql/get_tables_by_prefix_sql.sql
09:40:23.106917 [debug] [MainThread]: Parsing macros/sql/get_relations_by_prefix.sql
09:40:23.112735 [debug] [MainThread]: Parsing macros/sql/get_query_results_as_dict.sql
09:40:23.116730 [debug] [MainThread]: Parsing macros/sql/star.sql
09:40:23.124242 [debug] [MainThread]: Parsing macros/sql/nullcheck.sql
09:40:23.127030 [debug] [MainThread]: Parsing macros/sql/get_tables_by_pattern_sql.sql
09:40:23.138033 [debug] [MainThread]: Parsing macros/sql/generate_series.sql
09:40:23.145349 [debug] [MainThread]: Parsing macros/sql/safe_add.sql
09:40:23.148245 [debug] [MainThread]: Parsing macros/sql/date_spine.sql
09:40:23.155456 [debug] [MainThread]: Parsing macros/sql/unpivot.sql
09:40:23.169013 [debug] [MainThread]: Parsing macros/sql/union.sql
09:40:23.186261 [debug] [MainThread]: Parsing macros/sql/pivot.sql
09:40:23.193370 [debug] [MainThread]: Parsing macros/sql/get_table_types_sql.sql
09:40:23.195444 [debug] [MainThread]: Parsing macros/sql/get_relations_by_pattern.sql
09:40:23.201178 [debug] [MainThread]: Parsing macros/cross_db_utils/bool_or.sql
09:40:23.203835 [debug] [MainThread]: Parsing macros/cross_db_utils/intersect.sql
09:40:23.205641 [debug] [MainThread]: Parsing macros/cross_db_utils/current_timestamp.sql
09:40:23.211707 [debug] [MainThread]: Parsing macros/cross_db_utils/date_trunc.sql
09:40:23.214293 [debug] [MainThread]: Parsing macros/cross_db_utils/identifier.sql
09:40:23.217143 [debug] [MainThread]: Parsing macros/cross_db_utils/length.sql
09:40:23.219313 [debug] [MainThread]: Parsing macros/cross_db_utils/escape_single_quotes.sql
09:40:23.223008 [debug] [MainThread]: Parsing macros/cross_db_utils/right.sql
09:40:23.227490 [debug] [MainThread]: Parsing macros/cross_db_utils/position.sql
09:40:23.230373 [debug] [MainThread]: Parsing macros/cross_db_utils/_is_relation.sql
09:40:23.232420 [debug] [MainThread]: Parsing macros/cross_db_utils/last_day.sql
09:40:23.238599 [debug] [MainThread]: Parsing macros/cross_db_utils/datediff.sql
09:40:23.255122 [debug] [MainThread]: Parsing macros/cross_db_utils/datatypes.sql
09:40:23.265933 [debug] [MainThread]: Parsing macros/cross_db_utils/safe_cast.sql
09:40:23.269191 [debug] [MainThread]: Parsing macros/cross_db_utils/_is_ephemeral.sql
09:40:23.272628 [debug] [MainThread]: Parsing macros/cross_db_utils/split_part.sql
09:40:23.275773 [debug] [MainThread]: Parsing macros/cross_db_utils/cast_bool_to_text.sql
09:40:23.278225 [debug] [MainThread]: Parsing macros/cross_db_utils/width_bucket.sql
09:40:23.286527 [debug] [MainThread]: Parsing macros/cross_db_utils/any_value.sql
09:40:23.288801 [debug] [MainThread]: Parsing macros/cross_db_utils/hash.sql
09:40:23.291450 [debug] [MainThread]: Parsing macros/cross_db_utils/dateadd.sql
09:40:23.296336 [debug] [MainThread]: Parsing macros/cross_db_utils/except.sql
09:40:23.298218 [debug] [MainThread]: Parsing macros/cross_db_utils/replace.sql
09:40:23.300328 [debug] [MainThread]: Parsing macros/cross_db_utils/literal.sql
09:40:23.301923 [debug] [MainThread]: Parsing macros/cross_db_utils/concat.sql
09:40:24.052349 [debug] [MainThread]: 1603: static parser failed on generated/airbyte_ctes/bid/thong_tin_goi_thau_ab2.sql
09:40:24.138400 [debug] [MainThread]: 1602: parser fallback to jinja rendering on generated/airbyte_ctes/bid/thong_tin_goi_thau_ab2.sql
09:40:24.141078 [debug] [MainThread]: 1603: static parser failed on generated/airbyte_ctes/bid/thong_tin_goi_thau_ab3.sql
09:40:24.186755 [debug] [MainThread]: 1602: parser fallback to jinja rendering on generated/airbyte_ctes/bid/thong_tin_goi_thau_ab3.sql
09:40:24.190069 [debug] [MainThread]: 1603: static parser failed on generated/airbyte_ctes/bid/thong_tin_goi_thau_ab1.sql
09:40:24.261429 [debug] [MainThread]: 1602: parser fallback to jinja rendering on generated/airbyte_ctes/bid/thong_tin_goi_thau_ab1.sql
09:40:24.263545 [debug] [MainThread]: 1603: static parser failed on generated/airbyte_tables/bid/thong_tin_goi_thau.sql
09:40:24.276138 [debug] [MainThread]: 1602: parser fallback to jinja rendering on generated/airbyte_tables/bid/thong_tin_goi_thau.sql
09:40:24.384670 [warn ] [MainThread]: [[33mWARNING[0m]: Configuration paths exist in your dbt_project.yml file which do not apply to any resources.
There are 2 unused configuration paths:
- models.airbyte_utils.generated.airbyte_views
- models.airbyte_utils.generated.airbyte_incremental

09:40:24.449140 [info ] [MainThread]: Found 4 models, 0 tests, 0 snapshots, 0 analyses, 593 macros, 0 operations, 0 seed files, 1 source, 0 exposures, 0 metrics
09:40:24.451247 [info ] [MainThread]: 
09:40:24.452091 [debug] [MainThread]: Acquiring new mysql connection "master"
09:40:24.453339 [debug] [ThreadPool]: Acquiring new mysql connection "list_schemas"
09:40:24.478808 [debug] [ThreadPool]: Using mysql connection "list_schemas"
09:40:24.479341 [debug] [ThreadPool]: On list_schemas: /* {"app": "dbt", "dbt_version": "1.1.3", "profile_name": "normalize", "target_name": "prod", "connection_name": "list_schemas"} */
select distinct schema_name
        from information_schema.schemata
09:40:24.479588 [debug] [ThreadPool]: Opening a new connection, currently in state init
09:40:24.493132 [debug] [ThreadPool]: SQL status: SUCCESS 5 in 0.01 seconds
09:40:24.495292 [debug] [ThreadPool]: On list_schemas: Close
09:40:24.497123 [debug] [ThreadPool]: Acquiring new mysql connection "list_None_bid"
09:40:24.508404 [debug] [ThreadPool]: Using mysql connection "list_None_bid"
09:40:24.508749 [debug] [ThreadPool]: On list_None_bid: BEGIN
09:40:24.509038 [debug] [ThreadPool]: Opening a new connection, currently in state closed
09:40:24.515645 [debug] [ThreadPool]: SQL status: SUCCESS 0 in 0.01 seconds
09:40:24.515942 [debug] [ThreadPool]: Using mysql connection "list_None_bid"
09:40:24.516209 [debug] [ThreadPool]: On list_None_bid: /* {"app": "dbt", "dbt_version": "1.1.3", "profile_name": "normalize", "target_name": "prod", "connection_name": "list_None_bid"} */
select
      null as "database",
      table_name as name,
      table_schema as "schema",
      case when table_type = 'BASE TABLE' then 'table'
           when table_type = 'VIEW' then 'view'
           else table_type
      end as table_type
    from information_schema.tables
    where table_schema = 'bid'
  
09:40:24.518067 [debug] [ThreadPool]: SQL status: SUCCESS 2 in 0.0 seconds
09:40:24.519808 [debug] [ThreadPool]: On list_None_bid: ROLLBACK
09:40:24.520325 [debug] [ThreadPool]: On list_None_bid: Close
09:40:24.521610 [debug] [MainThread]: Using mysql connection "master"
09:40:24.521933 [debug] [MainThread]: On master: BEGIN
09:40:24.522354 [debug] [MainThread]: Opening a new connection, currently in state init
09:40:24.531297 [debug] [MainThread]: SQL status: SUCCESS 0 in 0.01 seconds
09:40:24.531614 [debug] [MainThread]: On master: COMMIT
09:40:24.531862 [debug] [MainThread]: Using mysql connection "master"
09:40:24.532170 [debug] [MainThread]: On master: COMMIT
09:40:24.532757 [debug] [MainThread]: SQL status: SUCCESS 0 in 0.0 seconds
09:40:24.533021 [debug] [MainThread]: On master: Close
09:40:24.533598 [info ] [MainThread]: Concurrency: 1 threads (target='prod')
09:40:24.534065 [info ] [MainThread]: 
09:40:24.538329 [debug] [Thread-1  ]: Began running node model.airbyte_utils.thong_tin_goi_thau_ab1
09:40:24.538877 [debug] [Thread-1  ]: Acquiring new mysql connection "model.airbyte_utils.thong_tin_goi_thau_ab1"
09:40:24.539155 [debug] [Thread-1  ]: Began compiling node model.airbyte_utils.thong_tin_goi_thau_ab1
09:40:24.539422 [debug] [Thread-1  ]: Compiling model.airbyte_utils.thong_tin_goi_thau_ab1
09:40:24.606450 [debug] [Thread-1  ]: Writing injected SQL for node "model.airbyte_utils.thong_tin_goi_thau_ab1"
09:40:24.607283 [debug] [Thread-1  ]: finished collecting timing info
09:40:24.608118 [debug] [Thread-1  ]: Finished running node model.airbyte_utils.thong_tin_goi_thau_ab1
09:40:24.609172 [debug] [Thread-1  ]: Began running node model.airbyte_utils.thong_tin_goi_thau_ab2
09:40:24.609730 [debug] [Thread-1  ]: Acquiring new mysql connection "model.airbyte_utils.thong_tin_goi_thau_ab2"
09:40:24.610157 [debug] [Thread-1  ]: Began compiling node model.airbyte_utils.thong_tin_goi_thau_ab2
09:40:24.610425 [debug] [Thread-1  ]: Compiling model.airbyte_utils.thong_tin_goi_thau_ab2
09:40:24.722509 [debug] [Thread-1  ]: Writing injected SQL for node "model.airbyte_utils.thong_tin_goi_thau_ab2"
09:40:24.722930 [debug] [Thread-1  ]: finished collecting timing info
09:40:24.723539 [debug] [Thread-1  ]: Finished running node model.airbyte_utils.thong_tin_goi_thau_ab2
09:40:24.724424 [debug] [Thread-1  ]: Began running node model.airbyte_utils.thong_tin_goi_thau_ab3
09:40:24.725095 [debug] [Thread-1  ]: Acquiring new mysql connection "model.airbyte_utils.thong_tin_goi_thau_ab3"
09:40:24.725350 [debug] [Thread-1  ]: Began compiling node model.airbyte_utils.thong_tin_goi_thau_ab3
09:40:24.725597 [debug] [Thread-1  ]: Compiling model.airbyte_utils.thong_tin_goi_thau_ab3
09:40:24.827092 [debug] [Thread-1  ]: Writing injected SQL for node "model.airbyte_utils.thong_tin_goi_thau_ab3"
09:40:24.827488 [debug] [Thread-1  ]: finished collecting timing info
09:40:24.828102 [debug] [Thread-1  ]: Finished running node model.airbyte_utils.thong_tin_goi_thau_ab3
09:40:24.829409 [debug] [Thread-1  ]: Began running node model.airbyte_utils.thong_tin_goi_thau
09:40:24.829772 [info ] [Thread-1  ]: 1 of 1 START table model bid.thong_tin_goi_thau ........................................................................ [RUN]
09:40:24.830532 [debug] [Thread-1  ]: Acquiring new mysql connection "model.airbyte_utils.thong_tin_goi_thau"
09:40:24.830959 [debug] [Thread-1  ]: Began compiling node model.airbyte_utils.thong_tin_goi_thau
09:40:24.831226 [debug] [Thread-1  ]: Compiling model.airbyte_utils.thong_tin_goi_thau
09:40:24.857403 [debug] [Thread-1  ]: Writing injected SQL for node "model.airbyte_utils.thong_tin_goi_thau"
09:40:24.858135 [debug] [Thread-1  ]: finished collecting timing info
09:40:24.858424 [debug] [Thread-1  ]: Began executing node model.airbyte_utils.thong_tin_goi_thau
09:40:24.902677 [debug] [Thread-1  ]: Writing runtime SQL for node "model.airbyte_utils.thong_tin_goi_thau"
09:40:24.903532 [debug] [Thread-1  ]: Using mysql connection "model.airbyte_utils.thong_tin_goi_thau"
09:40:24.903793 [debug] [Thread-1  ]: On model.airbyte_utils.thong_tin_goi_thau: BEGIN
09:40:24.904029 [debug] [Thread-1  ]: Opening a new connection, currently in state closed
09:40:24.909631 [debug] [Thread-1  ]: SQL status: SUCCESS 0 in 0.01 seconds
09:40:24.909907 [debug] [Thread-1  ]: Using mysql connection "model.airbyte_utils.thong_tin_goi_thau"
09:40:24.910148 [debug] [Thread-1  ]: On model.airbyte_utils.thong_tin_goi_thau: /* {"app": "dbt", "dbt_version": "1.1.3", "profile_name": "normalize", "target_name": "prod", "node_id": "model.airbyte_utils.thong_tin_goi_thau"} */


  create  table
    bid.`thong_tin_goi_thau__dbt_tmp`
  as (
    
with __dbt__cte__thong_tin_goi_thau_ab1 as (

-- SQL model to parse JSON blob stored in a single column and extract into separated field columns as described by the JSON Schema
-- depends_on: bid._airbyte_raw_thong_tin_goi_thau
select
    json_value(_airbyte_data, 
    '$."id"' RETURNING CHAR) as id,
    json_value(_airbyte_data, 
    '$."link"' RETURNING CHAR) as link,
    json_value(_airbyte_data, 
    '$."deleted"' RETURNING CHAR) as deleted,
    json_value(_airbyte_data, 
    '$."loai_tb"' RETURNING CHAR) as loai_tb,
    json_value(_airbyte_data, 
    '$."so_tbmt"' RETURNING CHAR) as so_tbmt,
    json_value(_airbyte_data, 
    '$."linh_vuc"' RETURNING CHAR) as linh_vuc,
    json_value(_airbyte_data, 
    '$."services"' RETURNING CHAR) as services,
    json_value(_airbyte_data, 
    '$."nguon_von"' RETURNING CHAR) as nguon_von,
    json_value(_airbyte_data, 
    '$."phan_loai"' RETURNING CHAR) as phan_loai,
    json_value(_airbyte_data, 
    '$."tien_dbdt"' RETURNING CHAR) as tien_dbdt,
    json_value(_airbyte_data, 
    '$."timestamp"' RETURNING CHAR) as `timestamp`,
    json_value(_airbyte_data, 
    '$."company_id"' RETURNING CHAR) as company_id,
    json_value(_airbyte_data, 
    '$."ten_khlcnt"' RETURNING CHAR) as ten_khlcnt,
    json_value(_airbyte_data, 
    '$."trang_thai"' RETURNING CHAR) as trang_thai,
    json_value(_airbyte_data, 
    '$."gia_du_toan"' RETURNING CHAR) as gia_du_toan,
    json_value(_airbyte_data, 
    '$."ten_du_toan"' RETURNING CHAR) as ten_du_toan,
    json_value(_airbyte_data, 
    '$."ben_moi_thau"' RETURNING CHAR) as ben_moi_thau,
    json_value(_airbyte_data, 
    '$."gia_goi_thau"' RETURNING CHAR) as gia_goi_thau,
    json_value(_airbyte_data, 
    '$."hinh_thuc_tb"' RETURNING CHAR) as hinh_thuc_tb,
    json_value(_airbyte_data, 
    '$."send_mail_id"' RETURNING CHAR) as send_mail_id,
    json_value(_airbyte_data, 
    '$."ten_goi_thau"' RETURNING CHAR) as ten_goi_thau,
    json_value(_airbyte_data, 
    '$."competitor_id"' RETURNING CHAR) as competitor_id,
    json_value(_airbyte_data, 
    '$."loai_hop_dong"' RETURNING CHAR) as loai_hop_dong,
    json_value(_airbyte_data, 
    '$."score_by_name"' RETURNING CHAR) as score_by_name,
    json_value(_airbyte_data, 
    '$."score_service"' RETURNING CHAR) as score_service,
    json_value(_airbyte_data, 
    '$."gia_trung_thau"' RETURNING CHAR) as gia_trung_thau,
    json_value(_airbyte_data, 
    '$."hinh_thuc_dbdt"' RETURNING CHAR) as hinh_thuc_dbdt,
    json_value(_airbyte_data, 
    '$."hinh_thuc_lcnt"' RETURNING CHAR) as hinh_thuc_lcnt,
    json_value(_airbyte_data, 
    '$."ngay_phe_duyet"' RETURNING CHAR) as ngay_phe_duyet,
    json_value(_airbyte_data, 
    '$."score_by_scope"' RETURNING CHAR) as score_by_scope,
    json_value(_airbyte_data, 
    '$."so_hieu_khlcnt"' RETURNING CHAR) as so_hieu_khlcnt,
    json_value(_airbyte_data, 
    '$."hieu_luc_e_hsdt"' RETURNING CHAR) as hieu_luc_e_hsdt,
    json_value(_airbyte_data, 
    '$."so_tbmt_version"' RETURNING CHAR) as so_tbmt_version,
    json_value(_airbyte_data, 
    '$."dia_diem_mo_thau"' RETURNING CHAR) as dia_diem_mo_thau,
    json_value(_airbyte_data, 
    '$."phuong_thuc_lcnt"' RETURNING CHAR) as phuong_thuc_lcnt,
    json_value(_airbyte_data, 
    '$."services_by_name"' RETURNING CHAR) as services_by_name,
    json_value(_airbyte_data, 
    '$."don_vi_trung_thau"' RETURNING CHAR) as don_vi_trung_thau,
    json_value(_airbyte_data, 
    '$."hinh_thuc_du_thau"' RETURNING CHAR) as hinh_thuc_du_thau,
    json_value(_airbyte_data, 
    '$."services_by_scope"' RETURNING CHAR) as services_by_scope,
    json_value(_airbyte_data, 
    '$."dia_diem_nhan_hsdt"' RETURNING CHAR) as dia_diem_nhan_hsdt,
    json_value(_airbyte_data, 
    '$."dia_diem_thuc_hien"' RETURNING CHAR) as dia_diem_thuc_hien,
    json_value(_airbyte_data, 
    '$."nhan_e_hsdt_tu_ngay"' RETURNING CHAR) as nhan_e_hsdt_tu_ngay,
    json_value(_airbyte_data, 
    '$."thoi_gian_thuc_hien"' RETURNING CHAR) as thoi_gian_thuc_hien,
    json_value(_airbyte_data, 
    '$."nhan_e_hsdt_den_ngay"' RETURNING CHAR) as nhan_e_hsdt_den_ngay,
    json_value(_airbyte_data, 
    '$."thoi_diem_dong_mo_thau"' RETURNING CHAR) as thoi_diem_dong_mo_thau,
    _airbyte_ab_id,
    _airbyte_emitted_at,
    
    CURRENT_TIMESTAMP
 as _airbyte_normalized_at
from bid._airbyte_raw_thong_tin_goi_thau as table_alias
-- thong_tin_goi_thau
where 1 = 1
),  __dbt__cte__thong_tin_goi_thau_ab2 as (

-- SQL model to cast each column to its adequate SQL type converted from the JSON schema type
-- depends_on: __dbt__cte__thong_tin_goi_thau_ab1
select
    cast(id as 
    signed
) as id,
    cast(link as char(1024)) as link,
    cast(deleted as 
    signed
) as deleted,
    cast(loai_tb as char(1024)) as loai_tb,
    cast(so_tbmt as char(1024)) as so_tbmt,
    cast(linh_vuc as char(1024)) as linh_vuc,
    cast(services as char(6144)) as services,
    cast(nguon_von as char(1024)) as nguon_von,
    cast(phan_loai as char(1024)) as phan_loai,
    cast(tien_dbdt as char(1024)) as tien_dbdt,
    cast(`timestamp` as char(1024)) as `timestamp`,
    cast(company_id as char(1024)) as company_id,
    cast(ten_khlcnt as char(1024)) as ten_khlcnt,
    cast(trang_thai as 
    signed
) as trang_thai,
    cast(gia_du_toan as char(1024)) as gia_du_toan,
    cast(ten_du_toan as char(1024)) as ten_du_toan,
    cast(ben_moi_thau as char(1024)) as ben_moi_thau,
    cast(gia_goi_thau as char(1024)) as gia_goi_thau,
    cast(hinh_thuc_tb as char(1024)) as hinh_thuc_tb,
    cast(send_mail_id as char(1024)) as send_mail_id,
    cast(ten_goi_thau as char(1024)) as ten_goi_thau,
    cast(competitor_id as char(1024)) as competitor_id,
    cast(loai_hop_dong as char(1024)) as loai_hop_dong,
    cast(score_by_name as 
    float
) as score_by_name,
    cast(score_service as 
    float
) as score_service,
    cast(gia_trung_thau as char(1024)) as gia_trung_thau,
    cast(hinh_thuc_dbdt as char(1024)) as hinh_thuc_dbdt,
    cast(hinh_thuc_lcnt as char(1024)) as hinh_thuc_lcnt,
    cast(ngay_phe_duyet as char(1024)) as ngay_phe_duyet,
    cast(score_by_scope as 
    float
) as score_by_scope,
    cast(so_hieu_khlcnt as char(1024)) as so_hieu_khlcnt,
    cast(hieu_luc_e_hsdt as char(1024)) as hieu_luc_e_hsdt,
    cast(so_tbmt_version as char(1024)) as so_tbmt_version,
    cast(dia_diem_mo_thau as char(1024)) as dia_diem_mo_thau,
    cast(phuong_thuc_lcnt as char(1024)) as phuong_thuc_lcnt,
    cast(services_by_name as char(6144)) as services_by_name,
    cast(don_vi_trung_thau as char(1024)) as don_vi_trung_thau,
    cast(hinh_thuc_du_thau as char(1024)) as hinh_thuc_du_thau,
    cast(services_by_scope as char(6144)) as services_by_scope,
    cast(dia_diem_nhan_hsdt as char(1024)) as dia_diem_nhan_hsdt,
    cast(dia_diem_thuc_hien as char(1024)) as dia_diem_thuc_hien,
    cast(nhan_e_hsdt_tu_ngay as char(1024)) as nhan_e_hsdt_tu_ngay,
    cast(thoi_gian_thuc_hien as char(1024)) as thoi_gian_thuc_hien,
    cast(nhan_e_hsdt_den_ngay as char(1024)) as nhan_e_hsdt_den_ngay,
    cast(thoi_diem_dong_mo_thau as char(1024)) as thoi_diem_dong_mo_thau,
    _airbyte_ab_id,
    _airbyte_emitted_at,
    
    CURRENT_TIMESTAMP
 as _airbyte_normalized_at
from __dbt__cte__thong_tin_goi_thau_ab1
-- thong_tin_goi_thau
where 1 = 1
),  __dbt__cte__thong_tin_goi_thau_ab3 as (

-- SQL model to build a hash column based on the values of this record
-- depends_on: __dbt__cte__thong_tin_goi_thau_ab2
select
    md5(cast(concat(coalesce(cast(id as char), ''), '-', coalesce(cast(link as char), ''), '-', coalesce(cast(deleted as char), ''), '-', coalesce(cast(loai_tb as char), ''), '-', coalesce(cast(so_tbmt as char), ''), '-', coalesce(cast(linh_vuc as char), ''), '-', coalesce(cast(services as char), ''), '-', coalesce(cast(nguon_von as char), ''), '-', coalesce(cast(phan_loai as char), ''), '-', coalesce(cast(tien_dbdt as char), ''), '-', coalesce(cast(`timestamp` as char), ''), '-', coalesce(cast(company_id as char), ''), '-', coalesce(cast(ten_khlcnt as char), ''), '-', coalesce(cast(trang_thai as char), ''), '-', coalesce(cast(gia_du_toan as char), ''), '-', coalesce(cast(ten_du_toan as char), ''), '-', coalesce(cast(ben_moi_thau as char), ''), '-', coalesce(cast(gia_goi_thau as char), ''), '-', coalesce(cast(hinh_thuc_tb as char), ''), '-', coalesce(cast(send_mail_id as char), ''), '-', coalesce(cast(ten_goi_thau as char), ''), '-', coalesce(cast(competitor_id as char), ''), '-', coalesce(cast(loai_hop_dong as char), ''), '-', coalesce(cast(score_by_name as char), ''), '-', coalesce(cast(score_service as char), ''), '-', coalesce(cast(gia_trung_thau as char), ''), '-', coalesce(cast(hinh_thuc_dbdt as char), ''), '-', coalesce(cast(hinh_thuc_lcnt as char), ''), '-', coalesce(cast(ngay_phe_duyet as char), ''), '-', coalesce(cast(score_by_scope as char), ''), '-', coalesce(cast(so_hieu_khlcnt as char), ''), '-', coalesce(cast(hieu_luc_e_hsdt as char), ''), '-', coalesce(cast(so_tbmt_version as char), ''), '-', coalesce(cast(dia_diem_mo_thau as char), ''), '-', coalesce(cast(phuong_thuc_lcnt as char), ''), '-', coalesce(cast(services_by_name as char), ''), '-', coalesce(cast(don_vi_trung_thau as char), ''), '-', coalesce(cast(hinh_thuc_du_thau as char), ''), '-', coalesce(cast(services_by_scope as char), ''), '-', coalesce(cast(dia_diem_nhan_hsdt as char), ''), '-', coalesce(cast(dia_diem_thuc_hien as char), ''), '-', coalesce(cast(nhan_e_hsdt_tu_ngay as char), ''), '-', coalesce(cast(thoi_gian_thuc_hien as char), ''), '-', coalesce(cast(nhan_e_hsdt_den_ngay as char), ''), '-', coalesce(cast(thoi_diem_dong_mo_thau as char), '')) as char)) as _airbyte_thong_tin_goi_thau_hashid,
    tmp.*
from __dbt__cte__thong_tin_goi_thau_ab2 tmp
-- thong_tin_goi_thau
where 1 = 1
)-- Final base SQL model
-- depends_on: __dbt__cte__thong_tin_goi_thau_ab3
select
    id,
    link,
    deleted,
    loai_tb,
    so_tbmt,
    linh_vuc,
    services,
    nguon_von,
    phan_loai,
    tien_dbdt,
    `timestamp`,
    company_id,
    ten_khlcnt,
    trang_thai,
    gia_du_toan,
    ten_du_toan,
    ben_moi_thau,
    gia_goi_thau,
    hinh_thuc_tb,
    send_mail_id,
    ten_goi_thau,
    competitor_id,
    loai_hop_dong,
    score_by_name,
    score_service,
    gia_trung_thau,
    hinh_thuc_dbdt,
    hinh_thuc_lcnt,
    ngay_phe_duyet,
    score_by_scope,
    so_hieu_khlcnt,
    hieu_luc_e_hsdt,
    so_tbmt_version,
    dia_diem_mo_thau,
    phuong_thuc_lcnt,
    services_by_name,
    don_vi_trung_thau,
    hinh_thuc_du_thau,
    services_by_scope,
    dia_diem_nhan_hsdt,
    dia_diem_thuc_hien,
    nhan_e_hsdt_tu_ngay,
    thoi_gian_thuc_hien,
    nhan_e_hsdt_den_ngay,
    thoi_diem_dong_mo_thau,
    _airbyte_ab_id,
    _airbyte_emitted_at,
    
    CURRENT_TIMESTAMP
 as _airbyte_normalized_at,
    _airbyte_thong_tin_goi_thau_hashid
from __dbt__cte__thong_tin_goi_thau_ab3
-- thong_tin_goi_thau from bid._airbyte_raw_thong_tin_goi_thau
where 1 = 1
  )

09:40:24.957275 [debug] [Thread-1  ]: SQL status: SUCCESS 0 in 0.05 seconds
09:40:24.968300 [debug] [Thread-1  ]: Using mysql connection "model.airbyte_utils.thong_tin_goi_thau"
09:40:24.968575 [debug] [Thread-1  ]: On model.airbyte_utils.thong_tin_goi_thau: /* {"app": "dbt", "dbt_version": "1.1.3", "profile_name": "normalize", "target_name": "prod", "node_id": "model.airbyte_utils.thong_tin_goi_thau"} */

    drop table if exists bid.`thong_tin_goi_thau__dbt_backup` cascade
  
09:40:24.971752 [debug] [Thread-1  ]: SQL status: SUCCESS 0 in 0.0 seconds
09:40:24.973244 [debug] [Thread-1  ]: Using mysql connection "model.airbyte_utils.thong_tin_goi_thau"
09:40:24.973507 [debug] [Thread-1  ]: On model.airbyte_utils.thong_tin_goi_thau: /* {"app": "dbt", "dbt_version": "1.1.3", "profile_name": "normalize", "target_name": "prod", "node_id": "model.airbyte_utils.thong_tin_goi_thau"} */

    rename table `bid`.`thong_tin_goi_thau` to bid.`thong_tin_goi_thau__dbt_backup`
  
09:40:25.003529 [debug] [Thread-1  ]: SQL status: SUCCESS 0 in 0.03 seconds
09:40:25.009499 [debug] [Thread-1  ]: Using mysql connection "model.airbyte_utils.thong_tin_goi_thau"
09:40:25.009766 [debug] [Thread-1  ]: On model.airbyte_utils.thong_tin_goi_thau: /* {"app": "dbt", "dbt_version": "1.1.3", "profile_name": "normalize", "target_name": "prod", "node_id": "model.airbyte_utils.thong_tin_goi_thau"} */

    drop table if exists bid.`thong_tin_goi_thau` cascade
  
09:40:25.014489 [debug] [Thread-1  ]: SQL status: SUCCESS 0 in 0.0 seconds
09:40:25.015786 [debug] [Thread-1  ]: Using mysql connection "model.airbyte_utils.thong_tin_goi_thau"
09:40:25.016067 [debug] [Thread-1  ]: On model.airbyte_utils.thong_tin_goi_thau: /* {"app": "dbt", "dbt_version": "1.1.3", "profile_name": "normalize", "target_name": "prod", "node_id": "model.airbyte_utils.thong_tin_goi_thau"} */

    rename table bid.`thong_tin_goi_thau__dbt_tmp` to bid.`thong_tin_goi_thau`
  
09:40:25.034881 [debug] [Thread-1  ]: SQL status: SUCCESS 0 in 0.02 seconds
09:40:25.055111 [debug] [Thread-1  ]: On model.airbyte_utils.thong_tin_goi_thau: COMMIT
09:40:25.055395 [debug] [Thread-1  ]: Using mysql connection "model.airbyte_utils.thong_tin_goi_thau"
09:40:25.055643 [debug] [Thread-1  ]: On model.airbyte_utils.thong_tin_goi_thau: COMMIT
09:40:25.056504 [debug] [Thread-1  ]: SQL status: SUCCESS 0 in 0.0 seconds
09:40:25.065020 [debug] [Thread-1  ]: Using mysql connection "model.airbyte_utils.thong_tin_goi_thau"
09:40:25.065297 [debug] [Thread-1  ]: On model.airbyte_utils.thong_tin_goi_thau: /* {"app": "dbt", "dbt_version": "1.1.3", "profile_name": "normalize", "target_name": "prod", "node_id": "model.airbyte_utils.thong_tin_goi_thau"} */
drop table if exists bid.`thong_tin_goi_thau__dbt_backup`
09:40:25.082573 [debug] [Thread-1  ]: SQL status: SUCCESS 0 in 0.02 seconds
09:40:25.084144 [debug] [Thread-1  ]: finished collecting timing info
09:40:25.084437 [debug] [Thread-1  ]: On model.airbyte_utils.thong_tin_goi_thau: Close
09:40:25.085322 [info ] [Thread-1  ]: 1 of 1 OK created table model bid.thong_tin_goi_thau ................................................................... [[32mSUCCESS 0[0m in 0.25s]
09:40:25.086024 [debug] [Thread-1  ]: Finished running node model.airbyte_utils.thong_tin_goi_thau
09:40:25.087589 [debug] [MainThread]: Acquiring new mysql connection "master"
09:40:25.087945 [debug] [MainThread]: Using mysql connection "master"
09:40:25.088246 [debug] [MainThread]: On master: BEGIN
09:40:25.088492 [debug] [MainThread]: Opening a new connection, currently in state closed
09:40:25.093905 [debug] [MainThread]: SQL status: SUCCESS 0 in 0.01 seconds
09:40:25.094176 [debug] [MainThread]: On master: COMMIT
09:40:25.094455 [debug] [MainThread]: Using mysql connection "master"
09:40:25.094722 [debug] [MainThread]: On master: COMMIT
09:40:25.095299 [debug] [MainThread]: SQL status: SUCCESS 0 in 0.0 seconds
09:40:25.095557 [debug] [MainThread]: On master: Close
09:40:25.096199 [info ] [MainThread]: 
09:40:25.096660 [info ] [MainThread]: Finished running 1 table model in 0.64s.
09:40:25.097120 [debug] [MainThread]: Connection 'master' was properly closed.
09:40:25.097357 [debug] [MainThread]: Connection 'model.airbyte_utils.thong_tin_goi_thau' was properly closed.
09:40:25.113715 [info ] [MainThread]: 
09:40:25.114236 [info ] [MainThread]: [32mCompleted successfully[0m
09:40:25.114755 [info ] [MainThread]: 
09:40:25.115209 [info ] [MainThread]: Done. PASS=1 WARN=0 ERROR=0 SKIP=0 TOTAL=1
